0 verbose cli /usr/local/bin/node /usr/local/bin/npm
1 info using npm@10.8.2
2 info using node@v20.19.4
3 silly config load:file:/usr/local/lib/node_modules/npm/npmrc
4 silly config load:file:/data/.npmrc
5 silly config load:file:/usr/src/node-red/.npmrc
6 silly config load:file:/usr/local/etc/npmrc
7 verbose title npm remove node-red-contrib-postgresql
8 verbose argv "remove" "--no-audit" "--no-update-notifier" "--no-fund" "--save" "node-red-contrib-postgresql"
9 verbose logfile logs-max:10 dir:/data/.npm/_logs/2025-09-08T23_35_12_863Z-
10 verbose logfile /data/.npm/_logs/2025-09-08T23_35_12_863Z-debug-0.log
11 silly packumentCache heap:2197815296 maxSize:549453824 maxEntrySize:274726912
12 silly logfile done cleaning log files
13 silly idealTree buildDeps
14 silly reify mark retired [ '/data/node_modules/mustache', '/data/node_modules/.bin/mustache' ]
15 silly reify mark retired [ '/data/node_modules/node-red-contrib-postgresql' ]
16 silly reify mark retired [ '/data/node_modules/pg' ]
17 silly reify mark retired [ '/data/node_modules/pg-cloudflare' ]
18 silly reify mark retired [ '/data/node_modules/pg-connection-string' ]
19 silly reify mark retired [ '/data/node_modules/pg-cursor' ]
20 silly reify mark retired [ '/data/node_modules/pg-int8' ]
21 silly reify mark retired [ '/data/node_modules/pg-pool' ]
22 silly reify mark retired [ '/data/node_modules/pg-protocol' ]
23 silly reify mark retired [ '/data/node_modules/pg-types' ]
24 silly reify mark retired [ '/data/node_modules/pgpass' ]
25 silly reify mark retired [ '/data/node_modules/postgres-array' ]
26 silly reify mark retired [ '/data/node_modules/postgres-bytea' ]
27 silly reify mark retired [ '/data/node_modules/postgres-date' ]
28 silly reify mark retired [ '/data/node_modules/postgres-interval' ]
29 silly reify mark retired [ '/data/node_modules/split2' ]
30 silly reify mark retired [ '/data/node_modules/xtend' ]
31 silly reify moves {
31 silly reify   '/data/node_modules/mustache': '/data/node_modules/.mustache-ROQ2oY93',
31 silly reify   '/data/node_modules/.bin/mustache': '/data/node_modules/.bin/.mustache-TTkgdA98',
31 silly reify   '/data/node_modules/node-red-contrib-postgresql': '/data/node_modules/.node-red-contrib-postgresql-IYEB5yK7',
31 silly reify   '/data/node_modules/pg': '/data/node_modules/.pg-UAyuT6GF',
31 silly reify   '/data/node_modules/pg-cloudflare': '/data/node_modules/.pg-cloudflare-9SlD6y6H',
31 silly reify   '/data/node_modules/pg-connection-string': '/data/node_modules/.pg-connection-string-cJ1nl38n',
31 silly reify   '/data/node_modules/pg-cursor': '/data/node_modules/.pg-cursor-Q7WoAoA4',
31 silly reify   '/data/node_modules/pg-int8': '/data/node_modules/.pg-int8-gBUoX8CQ',
31 silly reify   '/data/node_modules/pg-pool': '/data/node_modules/.pg-pool-qzBxIC0y',
31 silly reify   '/data/node_modules/pg-protocol': '/data/node_modules/.pg-protocol-lUoQErD8',
31 silly reify   '/data/node_modules/pg-types': '/data/node_modules/.pg-types-wZxxzuUP',
31 silly reify   '/data/node_modules/pgpass': '/data/node_modules/.pgpass-vCRx4PLW',
31 silly reify   '/data/node_modules/postgres-array': '/data/node_modules/.postgres-array-9j3wHI49',
31 silly reify   '/data/node_modules/postgres-bytea': '/data/node_modules/.postgres-bytea-7ONO4ad6',
31 silly reify   '/data/node_modules/postgres-date': '/data/node_modules/.postgres-date-0N9kjo1a',
31 silly reify   '/data/node_modules/postgres-interval': '/data/node_modules/.postgres-interval-bCQFrdgU',
31 silly reify   '/data/node_modules/split2': '/data/node_modules/.split2-YyIajAst',
31 silly reify   '/data/node_modules/xtend': '/data/node_modules/.xtend-RyJXfljO'
31 silly reify }
32 silly REMOVE node_modules/xtend
33 silly REMOVE node_modules/split2
34 silly REMOVE node_modules/postgres-interval
35 silly REMOVE node_modules/postgres-date
36 silly REMOVE node_modules/postgres-bytea
37 silly REMOVE node_modules/postgres-array
38 silly REMOVE node_modules/pgpass
39 silly REMOVE node_modules/pg-types
40 silly REMOVE node_modules/pg-protocol
41 silly REMOVE node_modules/pg-pool
42 silly REMOVE node_modules/pg-int8
43 silly REMOVE node_modules/pg-cursor
44 silly REMOVE node_modules/pg-connection-string
45 silly REMOVE node_modules/pg-cloudflare
46 silly REMOVE node_modules/pg
47 silly REMOVE node_modules/node-red-contrib-postgresql
48 silly REMOVE node_modules/mustache
49 verbose cwd /data
50 verbose os Linux 5.15.167.4-microsoft-standard-WSL2
51 verbose node v20.19.4
52 verbose npm  v10.8.2
53 verbose exit 0
54 info ok
